This file contains any messages produced by compilers while
running configure, to aid debugging if configure makes a mistake.

It was created by Master configure 0.5, which was
generated by GNU Autoconf 2.69.  Invocation command line was

  $ ./configure --no-create --no-recursion

## --------- ##
## Platform. ##
## --------- ##

hostname = raspberrypi
uname -m = armv6l
uname -r = 3.12.22+
uname -s = Linux
uname -v = #691 PREEMPT Wed Jun 18 18:29:58 BST 2014

/usr/bin/uname -p = unknown
/bin/uname -X     = unknown

/bin/arch              = unknown
/usr/bin/arch -k       = unknown
/usr/convex/getsysinfo = unknown
/usr/bin/hostinfo      = unknown
/bin/machine           = unknown
/usr/bin/oslevel       = unknown
/bin/universe          = unknown

PATH: /usr/local/sbin
PATH: /usr/local/bin
PATH: /usr/sbin
PATH: /usr/bin
PATH: /sbin
PATH: /bin
PATH: /usr/local/games
PATH: /usr/games


## ----------- ##
## Core tests. ##
## ----------- ##

configure:1900: checking build system type
configure:1914: result: armv6l-unknown-linux-gnueabihf
configure:1934: checking host system type
configure:1947: result: armv6l-unknown-linux-gnueabihf
configure:1967: checking target system type
configure:1980: result: armv6l-unknown-linux-gnueabihf
configure:2023: checking for a BSD-compatible install
configure:2091: result: /usr/bin/install -c
configure:2102: checking whether build environment is sane
configure:2152: result: yes
configure:2293: checking for a thread-safe mkdir -p
configure:2332: result: /bin/mkdir -p
configure:2345: checking for gawk
configure:2375: result: no
configure:2345: checking for mawk
configure:2361: found /usr/bin/mawk
configure:2372: result: mawk
configure:2383: checking whether make sets $(MAKE)
configure:2405: result: yes
configure:2550: checking for g++
configure:2566: found /usr/bin/g++
configure:2577: result: g++
configure:2604: checking for C++ compiler version
configure:2613: g++ --version >&5
g++ (Debian 4.6.3-14+rpi1) 4.6.3
Copyright (C) 2011 Free Software Foundation, Inc.
This is free software; see the source for copying conditions.  There is NO
warranty; not even for MERCHANTABILITY or FITNESS FOR A PARTICULAR PURPOSE.

configure:2624: $? = 0
configure:2613: g++ -v >&5
Using built-in specs.
COLLECT_GCC=g++
COLLECT_LTO_WRAPPER=/usr/lib/gcc/arm-linux-gnueabihf/4.6/lto-wrapper
Target: arm-linux-gnueabihf
Configured with: ../src/configure -v --with-pkgversion='Debian 4.6.3-14+rpi1' --with-bugurl=file:///usr/share/doc/gcc-4.6/README.Bugs --enable-languages=c,c++,fortran,objc,obj-c++ --prefix=/usr --program-suffix=-4.6 --enable-shared --enable-linker-build-id --with-system-zlib --libexecdir=/usr/lib --without-included-gettext --enable-threads=posix --with-gxx-include-dir=/usr/include/c++/4.6 --libdir=/usr/lib --enable-nls --with-sysroot=/ --enable-clocale=gnu --enable-libstdcxx-debug --enable-libstdcxx-time=yes --enable-gnu-unique-object --enable-plugin --enable-objc-gc --disable-sjlj-exceptions --with-arch=armv6 --with-fpu=vfp --with-float=hard --enable-checking=release --build=arm-linux-gnueabihf --host=arm-linux-gnueabihf --target=arm-linux-gnueabihf
Thread model: posix
gcc version 4.6.3 (Debian 4.6.3-14+rpi1) 
configure:2624: $? = 0
configure:2613: g++ -V >&5
g++: error: unrecognized option '-V'
g++: fatal error: no input files
compilation terminated.
configure:2624: $? = 4
configure:2613: g++ -qversion >&5
g++: error: unrecognized option '-qversion'
g++: fatal error: no input files
compilation terminated.
configure:2624: $? = 4
configure:2644: checking whether the C++ compiler works
configure:2666: g++    conftest.cpp  >&5
configure:2670: $? = 0
configure:2718: result: yes
configure:2721: checking for C++ compiler default output file name
configure:2723: result: a.out
configure:2729: checking for suffix of executables
configure:2736: g++ -o conftest    conftest.cpp  >&5
configure:2740: $? = 0
configure:2762: result: 
configure:2784: checking whether we are cross compiling
configure:2792: g++ -o conftest    conftest.cpp  >&5
configure:2796: $? = 0
configure:2803: ./conftest
configure:2807: $? = 0
configure:2822: result: no
configure:2827: checking for suffix of object files
configure:2849: g++ -c   conftest.cpp >&5
configure:2853: $? = 0
configure:2874: result: o
configure:2878: checking whether we are using the GNU C++ compiler
configure:2897: g++ -c   conftest.cpp >&5
configure:2897: $? = 0
configure:2906: result: yes
configure:2915: checking whether g++ accepts -g
configure:2935: g++ -c -g  conftest.cpp >&5
configure:2935: $? = 0
configure:2976: result: yes
configure:3010: checking for style of include used by make
configure:3038: result: GNU
configure:3064: checking dependency style of g++
configure:3175: result: gcc3
configure:3248: checking for pkg-config
configure:3266: found /usr/bin/pkg-config
configure:3278: result: /usr/bin/pkg-config
configure:3303: checking pkg-config is at least version 0.9.0
configure:3306: result: yes
configure:3316: checking for JSONCPP
configure:3323: $PKG_CONFIG --exists --print-errors "jsoncpp"
configure:3326: $? = 0
configure:3340: $PKG_CONFIG --exists --print-errors "jsoncpp"
configure:3343: $? = 0
configure:3385: result: yes
configure:3391: checking for LIBCONFIG
configure:3398: $PKG_CONFIG --exists --print-errors "libconfig++"
configure:3401: $? = 0
configure:3415: $PKG_CONFIG --exists --print-errors "libconfig++"
configure:3418: $? = 0
configure:3460: result: yes
configure:3469: checking for pthread_create in -lpthread
configure:3494: g++ -o conftest -g -O2   conftest.cpp -lpthread   >&5
configure:3494: $? = 0
configure:3503: result: yes
configure:3518: checking for library containing curl_easy_init
configure:3549: g++ -o conftest -g -O2   conftest.cpp -lpthread  >&5
/tmp/ccWKd6w1.o: In function `main':
/home/pi/Domotique/ProjetYdle/MasterValide/conftest.cpp:23: undefined reference to `curl_easy_init'
collect2: ld returned 1 exit status
configure:3549: $? = 1
configure: failed program was:
| /* confdefs.h */
| #define PACKAGE_NAME "Master"
| #define PACKAGE_TARNAME "master"
| #define PACKAGE_VERSION "0.5"
| #define PACKAGE_STRING "Master 0.5"
| #define PACKAGE_BUGREPORT ""
| #define PACKAGE_URL ""
| #define PACKAGE "master"
| #define VERSION "0.5"
| #define HAVE_LIBPTHREAD 1
| /* end confdefs.h.  */
| 
| /* Override any GCC internal prototype to avoid an error.
|    Use char because int might match the return type of a GCC
|    builtin and then its argument prototype would still apply.  */
| #ifdef __cplusplus
| extern "C"
| #endif
| char curl_easy_init ();
| int
| main ()
| {
| return curl_easy_init ();
|   ;
|   return 0;
| }
configure:3549: g++ -o conftest -g -O2   conftest.cpp -lcurl  -lpthread  >&5
configure:3549: $? = 0
configure:3566: result: -lcurl
configure:3578: checking for library containing wiringPiSetup
configure:3609: g++ -o conftest -g -O2   conftest.cpp -lcurl -lpthread  >&5
/tmp/ccA5l92w.o: In function `main':
/home/pi/Domotique/ProjetYdle/MasterValide/conftest.cpp:23: undefined reference to `wiringPiSetup'
collect2: ld returned 1 exit status
configure:3609: $? = 1
configure: failed program was:
| /* confdefs.h */
| #define PACKAGE_NAME "Master"
| #define PACKAGE_TARNAME "master"
| #define PACKAGE_VERSION "0.5"
| #define PACKAGE_STRING "Master 0.5"
| #define PACKAGE_BUGREPORT ""
| #define PACKAGE_URL ""
| #define PACKAGE "master"
| #define VERSION "0.5"
| #define HAVE_LIBPTHREAD 1
| /* end confdefs.h.  */
| 
| /* Override any GCC internal prototype to avoid an error.
|    Use char because int might match the return type of a GCC
|    builtin and then its argument prototype would still apply.  */
| #ifdef __cplusplus
| extern "C"
| #endif
| char wiringPiSetup ();
| int
| main ()
| {
| return wiringPiSetup ();
|   ;
|   return 0;
| }
configure:3609: g++ -o conftest -g -O2   conftest.cpp -lwiringPi  -lcurl -lpthread  >&5
configure:3609: $? = 0
configure:3626: result: -lwiringPi
configure:3639: checking for library containing MHD_start_daemon
configure:3670: g++ -o conftest -g -O2   conftest.cpp -lwiringPi -lcurl -lpthread  >&5
/tmp/ccyvJDo3.o: In function `main':
/home/pi/Domotique/ProjetYdle/MasterValide/conftest.cpp:23: undefined reference to `MHD_start_daemon'
collect2: ld returned 1 exit status
configure:3670: $? = 1
configure: failed program was:
| /* confdefs.h */
| #define PACKAGE_NAME "Master"
| #define PACKAGE_TARNAME "master"
| #define PACKAGE_VERSION "0.5"
| #define PACKAGE_STRING "Master 0.5"
| #define PACKAGE_BUGREPORT ""
| #define PACKAGE_URL ""
| #define PACKAGE "master"
| #define VERSION "0.5"
| #define HAVE_LIBPTHREAD 1
| /* end confdefs.h.  */
| 
| /* Override any GCC internal prototype to avoid an error.
|    Use char because int might match the return type of a GCC
|    builtin and then its argument prototype would still apply.  */
| #ifdef __cplusplus
| extern "C"
| #endif
| char MHD_start_daemon ();
| int
| main ()
| {
| return MHD_start_daemon ();
|   ;
|   return 0;
| }
configure:3670: g++ -o conftest -g -O2   conftest.cpp -lmicrohttpd  -lwiringPi -lcurl -lpthread  >&5
configure:3670: $? = 0
configure:3687: result: -lmicrohttpd
configure:3870: creating ./config.status

## ---------------- ##
## Cache variables. ##
## ---------------- ##

ac_cv_build=armv6l-unknown-linux-gnueabihf
ac_cv_cxx_compiler_gnu=yes
ac_cv_env_CCC_set=
ac_cv_env_CCC_value=
ac_cv_env_CPPFLAGS_set=
ac_cv_env_CPPFLAGS_value=
ac_cv_env_CXXFLAGS_set=
ac_cv_env_CXXFLAGS_value=
ac_cv_env_CXX_set=
ac_cv_env_CXX_value=
ac_cv_env_JSONCPP_CFLAGS_set=
ac_cv_env_JSONCPP_CFLAGS_value=
ac_cv_env_JSONCPP_LIBS_set=
ac_cv_env_JSONCPP_LIBS_value=
ac_cv_env_LDFLAGS_set=
ac_cv_env_LDFLAGS_value=
ac_cv_env_LIBCONFIG_CFLAGS_set=
ac_cv_env_LIBCONFIG_CFLAGS_value=
ac_cv_env_LIBCONFIG_LIBS_set=
ac_cv_env_LIBCONFIG_LIBS_value=
ac_cv_env_LIBS_set=
ac_cv_env_LIBS_value=
ac_cv_env_PKG_CONFIG_LIBDIR_set=
ac_cv_env_PKG_CONFIG_LIBDIR_value=
ac_cv_env_PKG_CONFIG_PATH_set=
ac_cv_env_PKG_CONFIG_PATH_value=
ac_cv_env_PKG_CONFIG_set=
ac_cv_env_PKG_CONFIG_value=
ac_cv_env_build_alias_set=
ac_cv_env_build_alias_value=
ac_cv_env_host_alias_set=
ac_cv_env_host_alias_value=
ac_cv_env_target_alias_set=
ac_cv_env_target_alias_value=
ac_cv_host=armv6l-unknown-linux-gnueabihf
ac_cv_lib_pthread_pthread_create=yes
ac_cv_objext=o
ac_cv_path_ac_pt_PKG_CONFIG=/usr/bin/pkg-config
ac_cv_path_install='/usr/bin/install -c'
ac_cv_path_mkdir=/bin/mkdir
ac_cv_prog_AWK=mawk
ac_cv_prog_ac_ct_CXX=g++
ac_cv_prog_cxx_g=yes
ac_cv_prog_make_make_set=yes
ac_cv_search_MHD_start_daemon=-lmicrohttpd
ac_cv_search_curl_easy_init=-lcurl
ac_cv_search_wiringPiSetup=-lwiringPi
ac_cv_target=armv6l-unknown-linux-gnueabihf
am_cv_CXX_dependencies_compiler_type=gcc3
pkg_cv_JSONCPP_CFLAGS='-I/usr/include/jsoncpp  '
pkg_cv_JSONCPP_LIBS='-ljsoncpp  '
pkg_cv_LIBCONFIG_CFLAGS=' '
pkg_cv_LIBCONFIG_LIBS='-lconfig++  '

## ----------------- ##
## Output variables. ##
## ----------------- ##

ACLOCAL='${SHELL} /home/pi/Domotique/ProjetYdle/MasterValide/missing --run aclocal-1.11'
AMDEPBACKSLASH='\'
AMDEP_FALSE='#'
AMDEP_TRUE=''
AMTAR='$${TAR-tar}'
AM_CXXFLAGS='-Wall -std=gnu++0x -fpermissive'
AUTOCONF='${SHELL} /home/pi/Domotique/ProjetYdle/MasterValide/missing --run autoconf'
AUTOHEADER='${SHELL} /home/pi/Domotique/ProjetYdle/MasterValide/missing --run autoheader'
AUTOMAKE='${SHELL} /home/pi/Domotique/ProjetYdle/MasterValide/missing --run automake-1.11'
AWK='mawk'
CPPFLAGS=''
CXX='g++'
CXXDEPMODE='depmode=gcc3'
CXXFLAGS='-g -O2'
CYGPATH_W='echo'
DEFS='-DPACKAGE_NAME=\"Master\" -DPACKAGE_TARNAME=\"master\" -DPACKAGE_VERSION=\"0.5\" -DPACKAGE_STRING=\"Master\ 0.5\" -DPACKAGE_BUGREPORT=\"\" -DPACKAGE_URL=\"\" -DPACKAGE=\"master\" -DVERSION=\"0.5\" -DHAVE_LIBPTHREAD=1'
DEPDIR='.deps'
ECHO_C=''
ECHO_N='-n'
ECHO_T=''
EXEEXT=''
INSTALL_DATA='${INSTALL} -m 644'
INSTALL_PROGRAM='${INSTALL}'
INSTALL_SCRIPT='${INSTALL}'
INSTALL_STRIP_PROGRAM='$(install_sh) -c -s'
JSONCPP_CFLAGS='-I/usr/include/jsoncpp  '
JSONCPP_LIBS='-ljsoncpp  '
LDFLAGS=''
LIBCONFIG_CFLAGS=' '
LIBCONFIG_LIBS='-lconfig++  '
LIBOBJS=''
LIBS='-lmicrohttpd -lwiringPi -lcurl -lpthread '
LTLIBOBJS=''
MAKEINFO='${SHELL} /home/pi/Domotique/ProjetYdle/MasterValide/missing --run makeinfo'
MKDIR_P='/bin/mkdir -p'
OBJEXT='o'
PACKAGE='master'
PACKAGE_BUGREPORT=''
PACKAGE_NAME='Master'
PACKAGE_STRING='Master 0.5'
PACKAGE_TARNAME='master'
PACKAGE_URL=''
PACKAGE_VERSION='0.5'
PATH_SEPARATOR=':'
PKG_CONFIG='/usr/bin/pkg-config'
PKG_CONFIG_LIBDIR=''
PKG_CONFIG_PATH=''
SET_MAKE=''
SHELL='/bin/bash'
STRIP=''
VERSION='0.5'
ac_ct_CXX='g++'
am__EXEEXT_FALSE=''
am__EXEEXT_TRUE='#'
am__fastdepCXX_FALSE='#'
am__fastdepCXX_TRUE=''
am__include='include'
am__isrc=''
am__leading_dot='.'
am__nodep='_no'
am__quote=''
am__tar='$${TAR-tar} chof - "$$tardir"'
am__untar='$${TAR-tar} xf -'
bindir='${exec_prefix}/bin'
build='armv6l-unknown-linux-gnueabihf'
build_alias=''
build_cpu='armv6l'
build_os='linux-gnueabihf'
build_vendor='unknown'
datadir='${datarootdir}'
datarootdir='${prefix}/share'
docdir='${datarootdir}/doc/${PACKAGE_TARNAME}'
dvidir='${docdir}'
exec_prefix='${prefix}'
host='armv6l-unknown-linux-gnueabihf'
host_alias=''
host_cpu='armv6l'
host_os='linux-gnueabihf'
host_vendor='unknown'
htmldir='${docdir}'
includedir='${prefix}/include'
infodir='${datarootdir}/info'
install_sh='${SHELL} /home/pi/Domotique/ProjetYdle/MasterValide/install-sh'
libdir='${exec_prefix}/lib'
libexecdir='${exec_prefix}/libexec'
localedir='${datarootdir}/locale'
localstatedir='${prefix}/var'
mandir='${datarootdir}/man'
mkdir_p='/bin/mkdir -p'
oldincludedir='/usr/include'
pdfdir='${docdir}'
prefix='/usr/local'
program_transform_name='s,x,x,'
psdir='${docdir}'
sbindir='${exec_prefix}/sbin'
sharedstatedir='${prefix}/com'
sysconfdir='${prefix}/etc'
target='armv6l-unknown-linux-gnueabihf'
target_alias=''
target_cpu='armv6l'
target_os='linux-gnueabihf'
target_vendor='unknown'

## ----------- ##
## confdefs.h. ##
## ----------- ##

/* confdefs.h */
#define PACKAGE_NAME "Master"
#define PACKAGE_TARNAME "master"
#define PACKAGE_VERSION "0.5"
#define PACKAGE_STRING "Master 0.5"
#define PACKAGE_BUGREPORT ""
#define PACKAGE_URL ""
#define PACKAGE "master"
#define VERSION "0.5"
#define HAVE_LIBPTHREAD 1

configure: exit 0

## ---------------------- ##
## Running config.status. ##
## ---------------------- ##

This file was extended by Master config.status 0.5, which was
generated by GNU Autoconf 2.69.  Invocation command line was

  CONFIG_FILES    = 
  CONFIG_HEADERS  = 
  CONFIG_LINKS    = 
  CONFIG_COMMANDS = 
  $ ./config.status 

on raspberrypi

config.status:789: creating Makefile
config.status:789: creating src/Makefile
config.status:961: executing depfiles commands
